<testsuite failures="0" name="src/test/java/FeatureFiles/karate11.feature" skipped="0" tests="1" time="0.043221">
  <testcase classname="src.test.java.FeatureFiles.karate11" name="Java Script Scenario1" time="0.043221">
    <system-out>* def fn1 = function(){ return 1; } ....................................... passed
* def fn2 = ............................................................... passed
* print fn1() ............................................................. passed
* fn2("ID#007") ........................................................... passed</system-out>
  </testcase>
</testsuite>
