<testsuite failures="0" name="src/test/java/FeatureFiles/splunkvalidation.feature" skipped="0" tests="1" time="0.511635">
  <testcase classname="src.test.java.FeatureFiles.splunkvalidation" name="Job Search 1" time="0.511635">
    <system-out>* def login = ............................................................. passed
* def auth = login("admin", "Admin123") ................................... passed
* print auth .............................................................. passed
* configure ssl = true .................................................... passed
Given url "https://192.168.1.90:8089" ..................................... passed
And header Authorization = auth ........................................... passed
Given path "/services/search/jobs" ........................................ passed
When method get ........................................................... passed
Then status 200 ........................................................... passed
* print responseType ...................................................... passed
* def title = get response //feed/title ................................... passed
* print title ............................................................. passed
* match title == "jobs" ................................................... passed</system-out>
  </testcase>
</testsuite>
