<testsuite failures="0" name="src/test/java/FeatureFiles/responsetofile.feature" skipped="0" tests="1" time="0.830248">
  <testcase classname="src.test.java.FeatureFiles.responsetofile" name="Example1" time="0.830248">
    <system-out>* def lib = Java.type('misc.MyUtils') ..................................... passed
Given url "https://reqres.in/api/users/2" ................................. passed
When method get ........................................................... passed
Then status 200 ........................................................... passed
* def res2 = get response $.data .......................................... passed
* lib.writeToFile("res2.json", res2) ...................................... passed
* def res2 = read("classpath:res2.json") .................................. passed
* print res1 .............................................................. passed
* print res2 .............................................................. passed
* print response.data.last_name ........................................... passed
* print res2.last_name .................................................... passed</system-out>
  </testcase>
</testsuite>
