<testsuite failures="0" name="src/test/java/FeatureFiles/karate01.feature" skipped="0" tests="1" time="0.04721">
  <testcase classname="src.test.java.FeatureFiles.karate01" name="Karate Test Case3" time="0.04721">
    <system-out>* def a = 10 .............................................................. passed
* def b = 50 .............................................................. passed
* def c = a * b ........................................................... passed
* assert c == 500 ......................................................... passed
* print "c=", c ........................................................... passed
* karate.log("Test ended") ................................................ passed</system-out>
  </testcase>
</testsuite>
