<testsuite failures="0" name="src/test/java/FeatureFiles/readingCSVdatafromDDT.feature" skipped="0" tests="4" time="0.023724">
  <testcase classname="src.test.java.FeatureFiles.readingCSVdatafromDDT" name="Reading data from DDT testing" time="0.008873">
    <system-out>* print "1,karate,30,1989" ................................................ passed</system-out>
  </testcase>
  <testcase classname="src.test.java.FeatureFiles.readingCSVdatafromDDT" name="Reading data from DDT testing" time="0.004666">
    <system-out>* print "1,karate,30,1989" ................................................ passed
* print "2,abc,21,1999" ................................................... passed</system-out>
  </testcase>
  <testcase classname="src.test.java.FeatureFiles.readingCSVdatafromDDT" name="Reading data from DDT testing" time="0.005647">
    <system-out>* print "1,karate,30,1989" ................................................ passed
* print "2,abc,21,1999" ................................................... passed
* print "3,xyz,2000,&lt;yob&gt;" ................................................ passed</system-out>
  </testcase>
  <testcase classname="src.test.java.FeatureFiles.readingCSVdatafromDDT" name="Reading data from DDT testing" time="0.004538">
    <system-out>* print "1,karate,30,1989" ................................................ passed
* print "2,abc,21,1999" ................................................... passed
* print "3,xyz,2000,&lt;yob&gt;" ................................................ passed
* print "4,asd,1989,&lt;yob&gt;" ................................................ passed</system-out>
  </testcase>
</testsuite>
