<testsuite failures="1" name="src/test/java/FeatureFiles/karate07.feature" skipped="0" tests="1" time="0.894827">
  <testcase classname="src.test.java.FeatureFiles.karate07" name="REST API Testing with JSON output" time="0.894827">
    <failure message="karate07.feature:14 - path: $.data[*][*], actual: [{&quot;profile_image&quot;:&quot;&quot;,&quot;employee_name&quot;:&quot;Tiger Nixon&quot;,&quot;employee_salary&quot;:&quot;320800&quot;,&quot;id&quot;:&quot;1&quot;,&quot;employee_age&quot;:&quot;61&quot;},{&quot;profile_image&quot;:&quot;&quot;,&quot;employee_name&quot;:&quot;Garrett Winters&quot;,&quot;employee_salary&quot;:&quot;170750&quot;,&quot;id&quot;:&quot;2&quot;,&quot;employee_age&quot;:&quot;63&quot;},{&quot;profile_image&quot;:&quot;&quot;,&quot;employee_name&quot;:&quot;Ashton Cox&quot;,&quot;employee_salary&quot;:&quot;86000&quot;,&quot;id&quot;:&quot;3&quot;,&quot;employee_age&quot;:&quot;66&quot;},{&quot;profile_image&quot;:&quot;&quot;,&quot;employee_name&quot;:&quot;Cedric Kelly&quot;,&quot;employee_salary&quot;:&quot;433060&quot;,&quot;id&quot;:&quot;4&quot;,&quot;employee_age&quot;:&quot;22&quot;},{&quot;profile_image&quot;:&quot;&quot;,&quot;employee_name&quot;:&quot;Airi Satou&quot;,&quot;employee_salary&quot;:&quot;162700&quot;,&quot;id&quot;:&quot;5&quot;,&quot;employee_age&quot;:&quot;33&quot;},{&quot;profile_image&quot;:&quot;&quot;,&quot;employee_name&quot;:&quot;Brielle Williamson&quot;,&quot;employee_salary&quot;:&quot;372000&quot;,&quot;id&quot;:&quot;6&quot;,&quot;employee_age&quot;:&quot;61&quot;},{&quot;profile_image&quot;:&quot;&quot;,&quot;employee_name&quot;:&quot;Herrod Chandler&quot;,&quot;employee_salary&quot;:&quot;137500&quot;,&quot;id&quot;:&quot;7&quot;,&quot;employee_age&quot;:&quot;59&quot;},{&quot;profile_image&quot;:&quot;&quot;,&quot;employee_name&quot;:&quot;Rhona Davidson&quot;,&quot;employee_salary&quot;:&quot;327900&quot;,&quot;id&quot;:&quot;8&quot;,&quot;employee_age&quot;:&quot;55&quot;},{&quot;profile_image&quot;:&quot;&quot;,&quot;employee_name&quot;:&quot;Colleen Hurst&quot;,&quot;employee_salary&quot;:&quot;205500&quot;,&quot;id&quot;:&quot;9&quot;,&quot;employee_age&quot;:&quot;39&quot;},{&quot;profile_image&quot;:&quot;&quot;,&quot;employee_name&quot;:&quot;Sonya Frost&quot;,&quot;employee_salary&quot;:&quot;103600&quot;,&quot;id&quot;:&quot;10&quot;,&quot;employee_age&quot;:&quot;23&quot;},{&quot;profile_image&quot;:&quot;&quot;,&quot;employee_name&quot;:&quot;Jena Gaines&quot;,&quot;employee_salary&quot;:&quot;90560&quot;,&quot;id&quot;:&quot;11&quot;,&quot;employee_age&quot;:&quot;30&quot;},{&quot;profile_image&quot;:&quot;&quot;,&quot;employee_name&quot;:&quot;Quinn Flynn&quot;,&quot;employee_salary&quot;:&quot;342000&quot;,&quot;id&quot;:&quot;12&quot;,&quot;employee_age&quot;:&quot;22&quot;},{&quot;profile_image&quot;:&quot;&quot;,&quot;employee_name&quot;:&quot;Charde Marshall&quot;,&quot;employee_salary&quot;:&quot;470600&quot;,&quot;id&quot;:&quot;13&quot;,&quot;employee_age&quot;:&quot;36&quot;},{&quot;profile_image&quot;:&quot;&quot;,&quot;employee_name&quot;:&quot;Haley Kennedy&quot;,&quot;employee_salary&quot;:&quot;313500&quot;,&quot;id&quot;:&quot;14&quot;,&quot;employee_age&quot;:&quot;43&quot;},{&quot;profile_image&quot;:&quot;&quot;,&quot;employee_name&quot;:&quot;Tatyana Fitzpatrick&quot;,&quot;employee_salary&quot;:&quot;385750&quot;,&quot;id&quot;:&quot;15&quot;,&quot;employee_age&quot;:&quot;19&quot;},{&quot;profile_image&quot;:&quot;&quot;,&quot;employee_name&quot;:&quot;Michael Silva&quot;,&quot;employee_salary&quot;:&quot;198500&quot;,&quot;id&quot;:&quot;16&quot;,&quot;employee_age&quot;:&quot;66&quot;},{&quot;profile_image&quot;:&quot;&quot;,&quot;employee_name&quot;:&quot;Paul Byrd&quot;,&quot;employee_salary&quot;:&quot;725000&quot;,&quot;id&quot;:&quot;17&quot;,&quot;employee_age&quot;:&quot;64&quot;},{&quot;profile_image&quot;:&quot;&quot;,&quot;employee_name&quot;:&quot;Gloria Little&quot;,&quot;employee_salary&quot;:&quot;237500&quot;,&quot;id&quot;:&quot;18&quot;,&quot;employee_age&quot;:&quot;59&quot;},{&quot;profile_image&quot;:&quot;&quot;,&quot;employee_name&quot;:&quot;Bradley Greer&quot;,&quot;employee_salary&quot;:&quot;132000&quot;,&quot;id&quot;:&quot;19&quot;,&quot;employee_age&quot;:&quot;41&quot;},{&quot;profile_image&quot;:&quot;&quot;,&quot;employee_name&quot;:&quot;Dai Rios&quot;,&quot;employee_salary&quot;:&quot;217500&quot;,&quot;id&quot;:&quot;20&quot;,&quot;employee_age&quot;:&quot;35&quot;},{&quot;profile_image&quot;:&quot;&quot;,&quot;employee_name&quot;:&quot;Jenette Caldwell&quot;,&quot;employee_salary&quot;:&quot;345000&quot;,&quot;id&quot;:&quot;21&quot;,&quot;employee_age&quot;:&quot;30&quot;},{&quot;profile_image&quot;:&quot;&quot;,&quot;employee_name&quot;:&quot;Yuri Berry&quot;,&quot;employee_salary&quot;:&quot;675000&quot;,&quot;id&quot;:&quot;22&quot;,&quot;employee_age&quot;:&quot;40&quot;},{&quot;profile_image&quot;:&quot;&quot;,&quot;employee_name&quot;:&quot;Caesar Vance&quot;,&quot;employee_salary&quot;:&quot;106450&quot;,&quot;id&quot;:&quot;23&quot;,&quot;employee_age&quot;:&quot;21&quot;},{&quot;profile_image&quot;:&quot;&quot;,&quot;employee_name&quot;:&quot;Doris Wilder&quot;,&quot;employee_salary&quot;:&quot;85600&quot;,&quot;id&quot;:&quot;24&quot;,&quot;employee_age&quot;:&quot;23&quot;}], expected: 'Sonya Frost', reason: actual value does not contain expected">Given url "http://dummy.restapiexample.com/api/v1/employees" .............. passed
When method GET ........................................................... passed
Then status 200 ........................................................... passed
* print response .......................................................... passed
* match response.status == 'success' ...................................... passed
* match response.status == '#string' ...................................... passed
* match response.data == '#array' ......................................... passed
* match response.data[*] contains "Sonya Frost" ........................... failed

Stack Trace:
com.intuit.karate.exception.KarateException: karate07.feature:14 - path: $.data[*][*], actual: [{"profile_image":"","employee_name":"Tiger Nixon","employee_salary":"320800","id":"1","employee_age":"61"},{"profile_image":"","employee_name":"Garrett Winters","employee_salary":"170750","id":"2","employee_age":"63"},{"profile_image":"","employee_name":"Ashton Cox","employee_salary":"86000","id":"3","employee_age":"66"},{"profile_image":"","employee_name":"Cedric Kelly","employee_salary":"433060","id":"4","employee_age":"22"},{"profile_image":"","employee_name":"Airi Satou","employee_salary":"162700","id":"5","employee_age":"33"},{"profile_image":"","employee_name":"Brielle Williamson","employee_salary":"372000","id":"6","employee_age":"61"},{"profile_image":"","employee_name":"Herrod Chandler","employee_salary":"137500","id":"7","employee_age":"59"},{"profile_image":"","employee_name":"Rhona Davidson","employee_salary":"327900","id":"8","employee_age":"55"},{"profile_image":"","employee_name":"Colleen Hurst","employee_salary":"205500","id":"9","employee_age":"39"},{"profile_image":"","employee_name":"Sonya Frost","employee_salary":"103600","id":"10","employee_age":"23"},{"profile_image":"","employee_name":"Jena Gaines","employee_salary":"90560","id":"11","employee_age":"30"},{"profile_image":"","employee_name":"Quinn Flynn","employee_salary":"342000","id":"12","employee_age":"22"},{"profile_image":"","employee_name":"Charde Marshall","employee_salary":"470600","id":"13","employee_age":"36"},{"profile_image":"","employee_name":"Haley Kennedy","employee_salary":"313500","id":"14","employee_age":"43"},{"profile_image":"","employee_name":"Tatyana Fitzpatrick","employee_salary":"385750","id":"15","employee_age":"19"},{"profile_image":"","employee_name":"Michael Silva","employee_salary":"198500","id":"16","employee_age":"66"},{"profile_image":"","employee_name":"Paul Byrd","employee_salary":"725000","id":"17","employee_age":"64"},{"profile_image":"","employee_name":"Gloria Little","employee_salary":"237500","id":"18","employee_age":"59"},{"profile_image":"","employee_name":"Bradley Greer","employee_salary":"132000","id":"19","employee_age":"41"},{"profile_image":"","employee_name":"Dai Rios","employee_salary":"217500","id":"20","employee_age":"35"},{"profile_image":"","employee_name":"Jenette Caldwell","employee_salary":"345000","id":"21","employee_age":"30"},{"profile_image":"","employee_name":"Yuri Berry","employee_salary":"675000","id":"22","employee_age":"40"},{"profile_image":"","employee_name":"Caesar Vance","employee_salary":"106450","id":"23","employee_age":"21"},{"profile_image":"","employee_name":"Doris Wilder","employee_salary":"85600","id":"24","employee_age":"23"}], expected: 'Sonya Frost', reason: actual value does not contain expected&#13;
	at ✽.* match response.data[*] contains "Sonya Frost" (karate07.feature:14)</failure>
  </testcase>
</testsuite>
