<testsuite failures="0" name="src/test/java/FeatureFiles/karate08.feature" skipped="0" tests="1" time="5.199818">
  <testcase classname="src.test.java.FeatureFiles.karate08" name="Create, Fetch,Update,Delete employee Test" time="5.199818">
    <system-out>Given url "http://dummy.restapiexample.com/api/v1/create" ................. passed
And request {"name":"anil","salary":"123","age":"23"} ..................... passed
When method POST .......................................................... passed
And status 200 ............................................................ passed
* def id = response.data.id ............................................... passed
* match response.data.name == "anil" ...................................... passed
* print id ................................................................ passed
Given url "http://dummy.restapiexample.com/api/v1/employee/" + id ......... passed
When method GET ........................................................... passed
Then status 200 ........................................................... passed
Given url "http://dummy.restapiexample.com/api/v1/update/" + id ........... passed
And request {"name":"anil","salary":"123","age":"30"} ..................... passed
When method PUT ........................................................... passed
Then status 200 ........................................................... passed
Given url "http://dummy.restapiexample.com/api/v1/delete/" + id ........... passed
When method DELETE ........................................................ passed
Then status 200 ........................................................... passed
Given url "http://dummy.restapiexample.com/api/v1/employee/" + id ......... passed
When method GET ........................................................... passed
Then status 200 ........................................................... passed</system-out>
  </testcase>
</testsuite>
