<testsuite failures="0" name="FeatureFiles/karate02.feature" skipped="0" tests="2" time="0.01508">
  <testcase classname="FeatureFiles.karate02" name="JSON test case1" time="0.009862">
    <system-out>Given def json = {"id" : "101","tool" : {"name" : "Karate", "version" : "0.9.6"}} . passed
* print json .............................................................. passed
Then assert json.id == "101" .............................................. passed
* assert json.tool.name == "Karate" ....................................... passed
* assert json.tool.version == "0.9.6" ..................................... passed
* match json.tool == {"name" : "Karate", "version" : "0.9.6"} ............. passed</system-out>
  </testcase>
  <testcase classname="FeatureFiles.karate02" name="JSON test case2" time="0.005218">
    <system-out>Given def json = {"id" : "101","tool" : {"name" : "Karate", "version" : "0.9.6"}} . passed
* print json .............................................................. passed
Then assert json.id == "101" .............................................. passed
* assert json.tool.name == "Karate" ....................................... passed
* assert json.tool.version == "0.9.6" ..................................... passed
* match json.tool == {"name" : "Karate", "version" : "0.9.6"} ............. passed
Given def json = .......................................................... passed
* print json .............................................................. passed
Then match json.id == "101" ............................................... passed
* match json.tool.name == "Karate" ........................................ passed
* match json.tool.version == "0.9.6" ...................................... passed
* match json.tool == {"name" : "Karate", "version" : "0.9.6"} ............. passed</system-out>
  </testcase>
</testsuite>
