<testsuite failures="0" name="FeatureFiles/karate05.feature" skipped="0" tests="1" time="0.362931">
  <testcase classname="FeatureFiles.karate05" name="REST API Testing" time="0.362931">
    <system-out>Given url "https://www.w3schools.com/xml/tempconvert.asmx/CelsiusToFahrenheit" . passed
And header Content-Type = "application/x-www-form-urlencoded" ............. passed
And request "Celsius=40" .................................................. passed
When method POST .......................................................... passed
Then status 200 ........................................................... passed
And match response contains "104" ......................................... passed
And match response //string  == "104" ..................................... passed</system-out>
  </testcase>
</testsuite>
