[{"line":1,"elements":[{"line":4,"name":"","description":"","type":"background","keyword":"Background","steps":[{"name":"def db =  Java.type('misc.MyDbUtil')","result":{"duration":7347900,"status":"passed"},"match":{"location":"karate","arguments":[]},"keyword":"*","line":5,"doc_string":{"content_type":"","value":"19:04:38.608 from karate-config.js file","line":5}}]},{"line":7,"name":"Testing select query","description":"","id":"testing-select-query","type":"scenario","keyword":"Scenario","steps":[{"name":"def rows =  db.selectStatement(\"select * from tools\")","result":{"duration":14712001900,"status":"passed"},"match":{"location":"karate","arguments":[]},"keyword":"*","line":8},{"name":"print rows","result":{"duration":321300,"status":"passed"},"match":{"location":"karate","arguments":[]},"keyword":"*","line":9,"doc_string":{"content_type":"","value":"19:04:53.329 [print]","line":9}},{"name":"match rows contains \"karate\"","result":{"duration":4959200,"error_message":"com.intuit.karate.exception.KarateException: karatedbtesting.feature:10 - path: $, actual: '', expected: 'karate', reason: not a sub-string","status":"failed"},"match":{"location":"karate","arguments":[]},"keyword":"*","line":10,"doc_string":{"content_type":"","value":"19:04:53.334 assertion failed: path: $, actual: '', expected: 'karate', reason: not a sub-string19:04:53.335 after scenario inside config","line":10}}]},{"line":4,"name":"","description":"","type":"background","keyword":"Background","steps":[{"name":"def db =  Java.type('misc.MyDbUtil')","result":{"duration":403600,"status":"passed"},"match":{"location":"karate","arguments":[]},"keyword":"*","line":5,"doc_string":{"content_type":"","value":"19:04:53.338 from karate-config.js file","line":5}}]},{"line":12,"name":"Testing insert query","description":"","id":"testing-insert-query","type":"scenario","keyword":"Scenario","steps":[{"name":"def res =  db.insertStatement(\"insert into tools values(10, \"bcs\",\"com\"))","result":{"duration":680600,"error_message":"com.intuit.karate.exception.KarateException: karatedbtesting.feature:13 - evaluation (js) failed: db.insertStatement(\"insert into tools values(10, \"bcs\",\"com\")), javax.script.ScriptException: <eval>:1:62 Missing close quote\r\ndb.insertStatement(\"insert into tools values(10, \"bcs\",\"com\"))\r\n                                                              ^ in <eval> at line number 1 at column number 62\nstack trace: jdk.nashorn.api.scripting.NashornScriptEngine.throwAsScriptException(NashornScriptEngine.java:470)","status":"failed"},"match":{"location":"karate","arguments":[]},"keyword":"*","line":13},{"name":"print res","result":{"duration":0,"status":"skipped"},"match":{"location":"karate","arguments":[]},"keyword":"*","line":14},{"name":"match response == success","result":{"duration":0,"status":"skipped"},"match":{"location":"karate","arguments":[]},"keyword":"*","line":15,"doc_string":{"content_type":"","value":"19:04:53.340 after scenario inside config","line":15}}]}],"name":"FeatureFiles\/karatedbtesting.feature","description":"Karate DB Testing","id":"karate-db-testing","keyword":"Feature","uri":"FeatureFiles\/karatedbtesting.feature"}]