<testsuite failures="0" name="FeatureFiles/karate11.feature" skipped="0" tests="1" time="0.015727">
  <testcase classname="FeatureFiles.karate11" name="Java Script Scenario1" time="0.015727">
    <system-out>* def fn1 = function(){ return 1; } ....................................... passed
* def fn2 = ............................................................... passed
* print fn1() ............................................................. passed
* fn2("ID#007") ........................................................... passed</system-out>
  </testcase>
</testsuite>
