<testsuite failures="0" name="FeatureFiles/karate01.feature" skipped="0" tests="3" time="0.02539">
  <testcase classname="FeatureFiles.karate01" name="Karate Test Case1" time="0.013144">
    <system-out>Given def a = 10 .......................................................... passed
And def b = 20 ............................................................ passed
And def c = a + b ......................................................... passed
Then assert c == 30 ....................................................... passed
And print "c=", c ......................................................... passed
And karate.log("Test ended") .............................................. passed</system-out>
  </testcase>
  <testcase classname="FeatureFiles.karate01" name="Karate Test Case2" time="0.004823">
    <system-out>Given def a = 10 .......................................................... passed
And def b = 20 ............................................................ passed
And def c = a + b ......................................................... passed
Then assert c == 30 ....................................................... passed
And print "c=", c ......................................................... passed
And karate.log("Test ended") .............................................. passed
Given def a = 10 .......................................................... passed
* def b = 60 .............................................................. passed
* def c = a + b ........................................................... passed
Then assert c == 70 ....................................................... passed
* print "c=", c ........................................................... passed
* karate.log("Test ended") ................................................ passed</system-out>
  </testcase>
  <testcase classname="FeatureFiles.karate01" name="Karate Test Case3" time="0.007423">
    <system-out>Given def a = 10 .......................................................... passed
And def b = 20 ............................................................ passed
And def c = a + b ......................................................... passed
Then assert c == 30 ....................................................... passed
And print "c=", c ......................................................... passed
And karate.log("Test ended") .............................................. passed
Given def a = 10 .......................................................... passed
* def b = 60 .............................................................. passed
* def c = a + b ........................................................... passed
Then assert c == 70 ....................................................... passed
* print "c=", c ........................................................... passed
* karate.log("Test ended") ................................................ passed
* def a = 10 .............................................................. passed
* def b = 50 .............................................................. passed
* def c = a * b ........................................................... passed
* assert c == 500 ......................................................... passed
* print "c=", c ........................................................... passed
* karate.log("Test ended") ................................................ passed</system-out>
  </testcase>
</testsuite>
