<testsuite failures="0" name="FeatureFiles/testfixturesample.feature" skipped="0" tests="2" time="0.006699">
  <testcase classname="FeatureFiles.testfixturesample" name="Test Case1" time="0.005053">
    <system-out>* print "Before Scenario" ................................................. passed
* configure afterScenario = ............................................... passed
* configure afterFeature = ................................................ passed
* print "from test case 1" ................................................ passed</system-out>
  </testcase>
  <testcase classname="FeatureFiles.testfixturesample" name="Test Case2" time="0.001646">
    <system-out>* print "Before Scenario" ................................................. passed
* configure afterScenario = ............................................... passed
* configure afterFeature = ................................................ passed
* print "from test case 1" ................................................ passed
* print "Before Scenario" ................................................. passed
* configure afterScenario = ............................................... passed
* configure afterFeature = ................................................ passed
* print "from test case 2" ................................................ passed</system-out>
  </testcase>
</testsuite>
