<testsuite failures="0" name="FeatureFiles/karate07.feature" skipped="0" tests="1" time="0.077973">
  <testcase classname="FeatureFiles.karate07" name="REST API Testing with JSON output" time="0.077973">
    <system-out>Given url "http://dummy.restapiexample.com/api/v1/employees" .............. passed
When method GET ........................................................... passed
Then status 200 ........................................................... passed
* print response .......................................................... passed
* match response.status == 'success' ...................................... passed
* match response.status == '#string' ...................................... passed
* match response.data == '#array' ......................................... passed
* match response.data[*].employee_name contains "Sonya Frost" ............. passed</system-out>
  </testcase>
</testsuite>
