<testsuite failures="0" name="FeatureFiles/karate10.feature" skipped="0" tests="5" time="0.72562">
  <testcase classname="FeatureFiles.karate10" name="DDT Test Case" time="0.16722">
    <system-out>Given url "http://reqres.in" .............................................. passed
And path "/api/users?page='1'" ............................................ passed
When method GET ........................................................... passed
Then status 200 ........................................................... passed
And response.page == 1 .................................................... passed
And match response.page == '##' ........................................... passed</system-out>
  </testcase>
  <testcase classname="FeatureFiles.karate10" name="DDT Test Case" time="0.12623">
    <system-out>Given url "http://reqres.in" .............................................. passed
And path "/api/users?page='1'" ............................................ passed
When method GET ........................................................... passed
Then status 200 ........................................................... passed
And response.page == 1 .................................................... passed
And match response.page == '##' ........................................... passed
Given url "http://reqres.in" .............................................. passed
And path "/api/users?page='2'" ............................................ passed
When method GET ........................................................... passed
Then status 200 ........................................................... passed
And response.page == 1 .................................................... passed
And match response.page == '##' ........................................... passed</system-out>
  </testcase>
  <testcase classname="FeatureFiles.karate10" name="DDT Test Case" time="0.113574">
    <system-out>Given url "http://reqres.in" .............................................. passed
And path "/api/users?page='1'" ............................................ passed
When method GET ........................................................... passed
Then status 200 ........................................................... passed
And response.page == 1 .................................................... passed
And match response.page == '##' ........................................... passed
Given url "http://reqres.in" .............................................. passed
And path "/api/users?page='2'" ............................................ passed
When method GET ........................................................... passed
Then status 200 ........................................................... passed
And response.page == 1 .................................................... passed
And match response.page == '##' ........................................... passed
Given url "http://reqres.in" .............................................. passed
And path "/api/users?page='3'" ............................................ passed
When method GET ........................................................... passed
Then status 200 ........................................................... passed
And response.page == 1 .................................................... passed
And match response.page == '##' ........................................... passed</system-out>
  </testcase>
  <testcase classname="FeatureFiles.karate10" name="DDT Test Case" time="0.13796">
    <system-out>Given url "http://reqres.in" .............................................. passed
And path "/api/users?page='1'" ............................................ passed
When method GET ........................................................... passed
Then status 200 ........................................................... passed
And response.page == 1 .................................................... passed
And match response.page == '##' ........................................... passed
Given url "http://reqres.in" .............................................. passed
And path "/api/users?page='2'" ............................................ passed
When method GET ........................................................... passed
Then status 200 ........................................................... passed
And response.page == 1 .................................................... passed
And match response.page == '##' ........................................... passed
Given url "http://reqres.in" .............................................. passed
And path "/api/users?page='3'" ............................................ passed
When method GET ........................................................... passed
Then status 200 ........................................................... passed
And response.page == 1 .................................................... passed
And match response.page == '##' ........................................... passed
Given url "http://reqres.in" .............................................. passed
And path "/api/users?page='4'" ............................................ passed
When method GET ........................................................... passed
Then status 200 ........................................................... passed
And response.page == 1 .................................................... passed
And match response.page == '##' ........................................... passed</system-out>
  </testcase>
  <testcase classname="FeatureFiles.karate10" name="DDT Test Case" time="0.180635">
    <system-out>Given url "http://reqres.in" .............................................. passed
And path "/api/users?page='1'" ............................................ passed
When method GET ........................................................... passed
Then status 200 ........................................................... passed
And response.page == 1 .................................................... passed
And match response.page == '##' ........................................... passed
Given url "http://reqres.in" .............................................. passed
And path "/api/users?page='2'" ............................................ passed
When method GET ........................................................... passed
Then status 200 ........................................................... passed
And response.page == 1 .................................................... passed
And match response.page == '##' ........................................... passed
Given url "http://reqres.in" .............................................. passed
And path "/api/users?page='3'" ............................................ passed
When method GET ........................................................... passed
Then status 200 ........................................................... passed
And response.page == 1 .................................................... passed
And match response.page == '##' ........................................... passed
Given url "http://reqres.in" .............................................. passed
And path "/api/users?page='4'" ............................................ passed
When method GET ........................................................... passed
Then status 200 ........................................................... passed
And response.page == 1 .................................................... passed
And match response.page == '##' ........................................... passed
Given url "http://reqres.in" .............................................. passed
And path "/api/users?page='5'" ............................................ passed
When method GET ........................................................... passed
Then status 200 ........................................................... passed
And response.page == 1 .................................................... passed
And match response.page == '##' ........................................... passed</system-out>
  </testcase>
</testsuite>
